2026-03-28 15:19:14 | DEBUG | cli | Logging initialized at D:\Projects\Trading Bot on Binance Futures Testnet\trading_bot\logs\app.log
2026-03-28 15:19:14 | INFO | BinanceFuturesTestnetClient | Public API request | url=https://testnet.binancefuture.com/fapi/v1/premiumIndex | params={'symbol': 'BTCUSDT'}
2026-03-28 15:19:14 | DEBUG | urllib3.connectionpool | Starting new HTTPS connection (1): testnet.binancefuture.com:443
2026-03-28 15:19:15 | DEBUG | urllib3.connectionpool | https://testnet.binancefuture.com:443 "GET /fapi/v1/premiumIndex?symbol=BTCUSDT HTTP/1.1" 200 None
2026-03-28 15:19:15 | INFO | BinanceFuturesTestnetClient | Public API response | status=200 | payload={'symbol': 'BTCUSDT', 'markPrice': '66245.25394928', 'indexPrice': '66278.62739130', 'estimatedSettlePrice': '66328.74489280', 'lastFundingRate': '0.00005948', 'interestRate': '0.00010000', 'nextFundingTime': 1774713600000, 'time': 1774691362000}
2026-03-28 15:19:15 | INFO | BinanceFuturesTestnetClient | Public API request | url=https://testnet.binancefuture.com/fapi/v1/exchangeInfo | params={'symbol': 'BTCUSDT'}
2026-03-28 15:19:16 | DEBUG | urllib3.connectionpool | https://testnet.binancefuture.com:443 "GET /fapi/v1/exchangeInfo?symbol=BTCUSDT HTTP/1.1" 200 None
2026-03-28 15:19:16 | INFO | BinanceFuturesTestnetClient | Public API response | status=200 | payload={'keys': ['assets', 'exchangeFilters', 'futuresType', 'rateLimits', 'serverTime', 'symbols', 'timezone'], 'symbolsCount': 705, 'symbolsSample': ['BTCUSDT', 'ETHUSDT', 'BCHUSDT', 'XRPUSDT', 'EOSUSDT']}
2026-03-28 15:19:18 | INFO | BinanceFuturesTestnetClient | Public API request | url=https://testnet.binancefuture.com/fapi/v1/exchangeInfo | params={'symbol': 'BTCUSDT'}
2026-03-28 15:19:18 | DEBUG | urllib3.connectionpool | https://testnet.binancefuture.com:443 "GET /fapi/v1/exchangeInfo?symbol=BTCUSDT HTTP/1.1" 200 None
2026-03-28 15:19:18 | INFO | BinanceFuturesTestnetClient | Public API response | status=200 | payload={'keys': ['assets', 'exchangeFilters', 'futuresType', 'rateLimits', 'serverTime', 'symbols', 'timezone'], 'symbolsCount': 705, 'symbolsSample': ['BTCUSDT', 'ETHUSDT', 'BCHUSDT', 'XRPUSDT', 'EOSUSDT']}
2026-03-28 15:19:18 | INFO | BinanceFuturesTestnetClient | Public API request | url=https://testnet.binancefuture.com/fapi/v1/premiumIndex | params={'symbol': 'BTCUSDT'}
2026-03-28 15:19:18 | DEBUG | urllib3.connectionpool | https://testnet.binancefuture.com:443 "GET /fapi/v1/premiumIndex?symbol=BTCUSDT HTTP/1.1" 200 None
2026-03-28 15:19:18 | INFO | BinanceFuturesTestnetClient | Public API response | status=200 | payload={'symbol': 'BTCUSDT', 'markPrice': '66245.24307971', 'indexPrice': '66278.61652174', 'estimatedSettlePrice': '66328.60315119', 'lastFundingRate': '0.00005948', 'interestRate': '0.00010000', 'nextFundingTime': 1774713600000, 'time': 1774691365000}
2026-03-28 15:19:18 | INFO | BinanceFuturesTestnetClient | API request | method=POST | url=https://testnet.binancefuture.com/fapi/v1/order | payload={'symbol': 'BTCUSDT', 'side': 'BUY', 'type': 'MARKET', 'quantity': '0.002', 'recvWindow': 5000, 'timestamp': 1774691358931, 'signature': 'cfc8b03be368f525d383348e6f3dcb742063043a2c655e74fb998411edb56800'}
2026-03-28 15:19:19 | DEBUG | urllib3.connectionpool | https://testnet.binancefuture.com:443 "POST /fapi/v1/order HTTP/1.1" 400 79
2026-03-28 15:19:19 | INFO | BinanceFuturesTestnetClient | API response | status=400 | payload={'code': -1021, 'msg': 'Timestamp for this request is outside of the recvWindow.'}
2026-03-28 15:19:19 | DEBUG | BinanceFuturesTestnetClient | Timestamp out of sync. Syncing server time and retrying | attempt=1
2026-03-28 15:19:19 | DEBUG | urllib3.connectionpool | https://testnet.binancefuture.com:443 "GET /fapi/v1/time HTTP/1.1" 200 28
2026-03-28 15:19:19 | INFO | BinanceFuturesTestnetClient | Server time synchronized | serverTime=1774691366420 | offsetMs=7080
2026-03-28 15:19:20 | INFO | BinanceFuturesTestnetClient | API request | method=POST | url=https://testnet.binancefuture.com/fapi/v1/order | payload={'symbol': 'BTCUSDT', 'side': 'BUY', 'type': 'MARKET', 'quantity': '0.002', 'recvWindow': 5000, 'timestamp': 1774691367421, 'signature': '8af6eb2565f6b7b0fb3be350d4272a79da1d9ec1e622864a52cc187ef3b5f782'}
2026-03-28 15:19:20 | DEBUG | urllib3.connectionpool | https://testnet.binancefuture.com:443 "POST /fapi/v1/order HTTP/1.1" 200 None
2026-03-28 15:19:20 | INFO | BinanceFuturesTestnetClient | API response | status=200 | payload={'orderId': 13001799551, 'symbol': 'BTCUSDT', 'status': 'NEW', 'clientOrderId': 'hgAhcZM5etJbPGmV4EyeG0', 'price': '0.00', 'avgPrice': '0.00', 'origQty': '0.002', 'executedQty': '0.000', 'cumQty': '0.000', 'cumQuote': '0.00000', 'timeInForce': 'GTC', 'type': 'MARKET', 'reduceOnly': False, 'closePosition': False, 'side': 'BUY', 'positionSide': 'BOTH', 'stopPrice': '0.00', 'workingType': 'CONTRACT_PRICE', 'priceProtect': False, 'origType': 'MARKET', 'priceMatch': 'NONE', 'selfTradePreventionMode': 'EXPIRE_MAKER', 'goodTillDate': 0, 'updateTime': 1774691367641}
2026-03-28 15:24:24 | DEBUG | cli | Logging initialized at D:\Projects\Trading Bot on Binance Futures Testnet\trading_bot\logs\app.log
2026-03-28 15:24:24 | INFO | BinanceFuturesTestnetClient | Public API request | url=https://testnet.binancefuture.com/fapi/v1/exchangeInfo | params={'symbol': 'BTCUSDT'}
2026-03-28 15:24:24 | DEBUG | urllib3.connectionpool | Starting new HTTPS connection (1): testnet.binancefuture.com:443
2026-03-28 15:24:25 | DEBUG | urllib3.connectionpool | https://testnet.binancefuture.com:443 "GET /fapi/v1/exchangeInfo?symbol=BTCUSDT HTTP/1.1" 200 None
2026-03-28 15:24:25 | INFO | BinanceFuturesTestnetClient | Public API response | status=200 | payload={'keys': ['assets', 'exchangeFilters', 'futuresType', 'rateLimits', 'serverTime', 'symbols', 'timezone'], 'symbolsCount': 705, 'symbolsSample': ['BTCUSDT', 'ETHUSDT', 'BCHUSDT', 'XRPUSDT', 'EOSUSDT']}
2026-03-28 15:24:27 | INFO | BinanceFuturesTestnetClient | Public API request | url=https://testnet.binancefuture.com/fapi/v1/exchangeInfo | params={'symbol': 'BTCUSDT'}
2026-03-28 15:24:27 | DEBUG | urllib3.connectionpool | https://testnet.binancefuture.com:443 "GET /fapi/v1/exchangeInfo?symbol=BTCUSDT HTTP/1.1" 200 None
2026-03-28 15:24:27 | INFO | BinanceFuturesTestnetClient | Public API response | status=200 | payload={'keys': ['assets', 'exchangeFilters', 'futuresType', 'rateLimits', 'serverTime', 'symbols', 'timezone'], 'symbolsCount': 705, 'symbolsSample': ['BTCUSDT', 'ETHUSDT', 'BCHUSDT', 'XRPUSDT', 'EOSUSDT']}
2026-03-28 15:24:27 | INFO | BinanceFuturesTestnetClient | API request | method=POST | url=https://testnet.binancefuture.com/fapi/v1/order | payload={'symbol': 'BTCUSDT', 'side': 'SELL', 'type': 'LIMIT', 'quantity': '0.002', 'recvWindow': 5000, 'price': '70000', 'timeInForce': 'GTC', 'timestamp': 1774691667481, 'signature': '5772b0d45fbda76093852878342d361de3a46f5bbf28cf77f9302568489e6741'}
2026-03-28 15:24:27 | DEBUG | urllib3.connectionpool | https://testnet.binancefuture.com:443 "POST /fapi/v1/order HTTP/1.1" 400 79
2026-03-28 15:24:27 | INFO | BinanceFuturesTestnetClient | API response | status=400 | payload={'code': -1021, 'msg': 'Timestamp for this request is outside of the recvWindow.'}
2026-03-28 15:24:27 | DEBUG | BinanceFuturesTestnetClient | Timestamp out of sync. Syncing server time and retrying | attempt=1
2026-03-28 15:24:27 | DEBUG | urllib3.connectionpool | https://testnet.binancefuture.com:443 "GET /fapi/v1/time HTTP/1.1" 200 28
2026-03-28 15:24:27 | INFO | BinanceFuturesTestnetClient | Server time synchronized | serverTime=1774691674953 | offsetMs=7083
2026-03-28 15:24:28 | INFO | BinanceFuturesTestnetClient | API request | method=POST | url=https://testnet.binancefuture.com/fapi/v1/order | payload={'symbol': 'BTCUSDT', 'side': 'SELL', 'type': 'LIMIT', 'quantity': '0.002', 'recvWindow': 5000, 'price': '70000', 'timeInForce': 'GTC', 'timestamp': 1774691675956, 'signature': '7b74ee444cd4956d3582d96c89dc994be8a5a865253b096afaa4c0099028b047'}
2026-03-28 15:24:29 | DEBUG | urllib3.connectionpool | https://testnet.binancefuture.com:443 "POST /fapi/v1/order HTTP/1.1" 200 None
2026-03-28 15:24:29 | INFO | BinanceFuturesTestnetClient | API response | status=200 | payload={'orderId': 13001806852, 'symbol': 'BTCUSDT', 'status': 'NEW', 'clientOrderId': 'Kz24Xel1NxzcgFf7slk7Un', 'price': '70000.00', 'avgPrice': '0.00', 'origQty': '0.002', 'executedQty': '0.000', 'cumQty': '0.000', 'cumQuote': '0.00000', 'timeInForce': 'GTC', 'type': 'LIMIT', 'reduceOnly': False, 'closePosition': False, 'side': 'SELL', 'positionSide': 'BOTH', 'stopPrice': '0.00', 'workingType': 'CONTRACT_PRICE', 'priceProtect': False, 'origType': 'LIMIT', 'priceMatch': 'NONE', 'selfTradePreventionMode': 'EXPIRE_MAKER', 'goodTillDate': 0, 'updateTime': 1774691676167}
2026-03-28 15:26:04 | DEBUG | cli | Logging initialized at D:\Projects\Trading Bot on Binance Futures Testnet\trading_bot\logs\app.log
2026-03-28 15:26:04 | INFO | BinanceFuturesTestnetClient | Public API request | url=https://testnet.binancefuture.com/fapi/v1/premiumIndex | params={'symbol': 'BTCUSDT'}
2026-03-28 15:26:04 | DEBUG | urllib3.connectionpool | Starting new HTTPS connection (1): testnet.binancefuture.com:443
2026-03-28 15:26:05 | DEBUG | urllib3.connectionpool | https://testnet.binancefuture.com:443 "GET /fapi/v1/premiumIndex?symbol=BTCUSDT HTTP/1.1" 200 None
2026-03-28 15:26:05 | INFO | BinanceFuturesTestnetClient | Public API response | status=200 | payload={'symbol': 'BTCUSDT', 'markPrice': '66283.90000000', 'indexPrice': '66314.81108696', 'estimatedSettlePrice': '66305.50754944', 'lastFundingRate': '0.00006720', 'interestRate': '0.00010000', 'nextFundingTime': 1774713600000, 'time': 1774691772000}
2026-03-28 15:26:05 | INFO | BinanceFuturesTestnetClient | Public API request | url=https://testnet.binancefuture.com/fapi/v1/exchangeInfo | params={'symbol': 'BTCUSDT'}
2026-03-28 15:26:05 | DEBUG | urllib3.connectionpool | https://testnet.binancefuture.com:443 "GET /fapi/v1/exchangeInfo?symbol=BTCUSDT HTTP/1.1" 200 None
2026-03-28 15:26:05 | INFO | BinanceFuturesTestnetClient | Public API response | status=200 | payload={'keys': ['assets', 'exchangeFilters', 'futuresType', 'rateLimits', 'serverTime', 'symbols', 'timezone'], 'symbolsCount': 705, 'symbolsSample': ['BTCUSDT', 'ETHUSDT', 'BCHUSDT', 'XRPUSDT', 'EOSUSDT']}
2026-03-28 15:26:07 | INFO | BinanceFuturesTestnetClient | Public API request | url=https://testnet.binancefuture.com/fapi/v1/exchangeInfo | params={'symbol': 'BTCUSDT'}
2026-03-28 15:26:07 | DEBUG | urllib3.connectionpool | https://testnet.binancefuture.com:443 "GET /fapi/v1/exchangeInfo?symbol=BTCUSDT HTTP/1.1" 200 None
2026-03-28 15:26:07 | INFO | BinanceFuturesTestnetClient | Public API response | status=200 | payload={'keys': ['assets', 'exchangeFilters', 'futuresType', 'rateLimits', 'serverTime', 'symbols', 'timezone'], 'symbolsCount': 705, 'symbolsSample': ['BTCUSDT', 'ETHUSDT', 'BCHUSDT', 'XRPUSDT', 'EOSUSDT']}
2026-03-28 15:26:07 | INFO | BinanceFuturesTestnetClient | Public API request | url=https://testnet.binancefuture.com/fapi/v1/premiumIndex | params={'symbol': 'BTCUSDT'}
2026-03-28 15:26:07 | DEBUG | urllib3.connectionpool | https://testnet.binancefuture.com:443 "GET /fapi/v1/premiumIndex?symbol=BTCUSDT HTTP/1.1" 200 None
2026-03-28 15:26:08 | INFO | BinanceFuturesTestnetClient | Public API response | status=200 | payload={'symbol': 'BTCUSDT', 'markPrice': '66283.90000000', 'indexPrice': '66315.30565217', 'estimatedSettlePrice': '66305.44133264', 'lastFundingRate': '0.00006720', 'interestRate': '0.00010000', 'nextFundingTime': 1774713600000, 'time': 1774691774000}
2026-03-28 15:26:08 | INFO | BinanceFuturesTestnetClient | API request | method=POST | url=https://testnet.binancefuture.com/fapi/v1/order | payload={'symbol': 'BTCUSDT', 'side': 'BUY', 'type': 'MARKET', 'quantity': '0.002', 'recvWindow': 5000, 'timestamp': 1774691768531, 'signature': '4cfd7155f9bcd6f3c4cca7b6f56d608d0fd376e48717b009455b094965bb5ec4'}
2026-03-28 15:26:08 | DEBUG | urllib3.connectionpool | https://testnet.binancefuture.com:443 "POST /fapi/v1/order HTTP/1.1" 400 79
2026-03-28 15:26:08 | INFO | BinanceFuturesTestnetClient | API response | status=400 | payload={'code': -1021, 'msg': 'Timestamp for this request is outside of the recvWindow.'}
2026-03-28 15:26:08 | DEBUG | BinanceFuturesTestnetClient | Timestamp out of sync. Syncing server time and retrying | attempt=1
2026-03-28 15:26:09 | DEBUG | urllib3.connectionpool | https://testnet.binancefuture.com:443 "GET /fapi/v1/time HTTP/1.1" 200 28
2026-03-28 15:26:09 | INFO | BinanceFuturesTestnetClient | Server time synchronized | serverTime=1774691776126 | offsetMs=6981
2026-03-28 15:26:10 | INFO | BinanceFuturesTestnetClient | API request | method=POST | url=https://testnet.binancefuture.com/fapi/v1/order | payload={'symbol': 'BTCUSDT', 'side': 'BUY', 'type': 'MARKET', 'quantity': '0.002', 'recvWindow': 5000, 'timestamp': 1774691777128, 'signature': '54ebeb1cd5c5b8472185ad88e8b94db7dc45d0fc7d419ecc9d05f4e9fe235cb1'}
2026-03-28 15:26:10 | DEBUG | urllib3.connectionpool | https://testnet.binancefuture.com:443 "POST /fapi/v1/order HTTP/1.1" 200 None
2026-03-28 15:26:10 | INFO | BinanceFuturesTestnetClient | API response | status=200 | payload={'orderId': 13001809300, 'symbol': 'BTCUSDT', 'status': 'NEW', 'clientOrderId': 'tI9wsKCmjAlLEtsQM2vE5o', 'price': '0.00', 'avgPrice': '0.00', 'origQty': '0.002', 'executedQty': '0.000', 'cumQty': '0.000', 'cumQuote': '0.00000', 'timeInForce': 'GTC', 'type': 'MARKET', 'reduceOnly': False, 'closePosition': False, 'side': 'BUY', 'positionSide': 'BOTH', 'stopPrice': '0.00', 'workingType': 'CONTRACT_PRICE', 'priceProtect': False, 'origType': 'MARKET', 'priceMatch': 'NONE', 'selfTradePreventionMode': 'EXPIRE_MAKER', 'goodTillDate': 0, 'updateTime': 1774691777445}
